2014-05-13 02:09:12 Notice: Notice (1024): Please change the value of 'Security.salt' in app/config/core.php to a salt value specific to your application in [/Library/WebServer/Documents/svtour/cake/libs/debugger.php, line 697]
2014-05-13 02:09:12 Notice: Notice (1024): Please change the value of 'Security.cipherSeed' in app/config/core.php to a numeric (digits only) seed value specific to your application in [/Library/WebServer/Documents/svtour/cake/libs/debugger.php, line 701]
2014-05-13 23:15:16 Notice: Notice (8): Undefined property: View::$Session in [/Applications/MAMP/htdocs/svtour/svt/views/layouts/default.ctp, line 50]
2014-05-13 23:15:17 Notice: Notice (8): Undefined property: View::$Session in [/Applications/MAMP/htdocs/svtour/svt/views/layouts/default.ctp, line 50]
2014-05-13 23:15:17 Notice: Notice (8): Undefined property: View::$Session in [/Applications/MAMP/htdocs/svtour/svt/views/layouts/default.ctp, line 50]
2014-05-13 23:15:17 Notice: Notice (8): Undefined property: View::$Session in [/Applications/MAMP/htdocs/svtour/svt/views/layouts/default.ctp, line 50]
2014-05-13 23:17:40 Notice: Notice (8): Undefined property: View::$Session in [/Applications/MAMP/htdocs/svtour/svt/views/layouts/default.ctp, line 50]
2014-05-13 23:17:40 Notice: Notice (8): Undefined property: View::$Session in [/Applications/MAMP/htdocs/svtour/svt/views/layouts/default.ctp, line 50]
2014-05-13 23:17:40 Notice: Notice (8): Undefined property: View::$Session in [/Applications/MAMP/htdocs/svtour/svt/views/layouts/default.ctp, line 50]
2014-05-13 23:17:40 Notice: Notice (8): Undefined property: View::$Session in [/Applications/MAMP/htdocs/svtour/svt/views/layouts/default.ctp, line 50]
2014-05-13 23:18:25 Notice: Notice (8): Undefined property: View::$Session in [/Applications/MAMP/htdocs/svtour/svt/views/layouts/default.ctp, line 50]
2014-05-13 23:18:25 Notice: Notice (8): Undefined property: View::$Session in [/Applications/MAMP/htdocs/svtour/svt/views/layouts/default.ctp, line 50]
2014-05-13 23:18:25 Notice: Notice (8): Undefined property: View::$Session in [/Applications/MAMP/htdocs/svtour/svt/views/layouts/default.ctp, line 50]
2014-05-13 23:18:25 Notice: Notice (8): Undefined property: View::$Session in [/Applications/MAMP/htdocs/svtour/svt/views/layouts/default.ctp, line 50]
2014-05-13 23:26:15 Notice: Notice (8): Undefined property: View::$Session in [/Applications/MAMP/htdocs/svtour/svt/views/layouts/default.ctp, line 50]
2014-05-13 23:26:15 Notice: Notice (8): Undefined property: View::$Session in [/Applications/MAMP/htdocs/svtour/svt/views/layouts/default.ctp, line 50]
2014-05-13 23:26:15 Notice: Notice (8): Undefined property: View::$Session in [/Applications/MAMP/htdocs/svtour/svt/views/layouts/default.ctp, line 50]
2014-05-13 23:26:43 Notice: Notice (8): Undefined property: View::$Session in [/Applications/MAMP/htdocs/svtour/svt/views/layouts/default.ctp, line 50]
2014-05-13 23:26:43 Notice: Notice (8): Undefined property: View::$Session in [/Applications/MAMP/htdocs/svtour/svt/views/layouts/default.ctp, line 50]
2014-05-13 23:26:43 Notice: Notice (8): Undefined property: View::$Session in [/Applications/MAMP/htdocs/svtour/svt/views/layouts/default.ctp, line 50]
2014-05-13 23:27:25 Notice: Notice (8): Undefined property: View::$Session in [/Applications/MAMP/htdocs/svtour/svt/views/layouts/default.ctp, line 50]
2014-05-13 23:27:25 Notice: Notice (8): Undefined property: View::$Session in [/Applications/MAMP/htdocs/svtour/svt/views/layouts/default.ctp, line 50]
2014-05-13 23:27:25 Notice: Notice (8): Undefined property: View::$Session in [/Applications/MAMP/htdocs/svtour/svt/views/layouts/default.ctp, line 50]
2014-05-13 23:27:25 Notice: Notice (8): Undefined property: View::$Session in [/Applications/MAMP/htdocs/svtour/svt/views/layouts/default.ctp, line 50]
2014-05-13 23:27:25 Notice: Notice (8): Undefined property: View::$Session in [/Applications/MAMP/htdocs/svtour/svt/views/layouts/default.ctp, line 50]
2014-05-13 23:27:27 Notice: Notice (8): Undefined property: View::$Session in [/Applications/MAMP/htdocs/svtour/svt/views/layouts/default.ctp, line 50]
2014-05-13 23:27:27 Notice: Notice (8): Undefined property: View::$Session in [/Applications/MAMP/htdocs/svtour/svt/views/layouts/default.ctp, line 50]
2014-05-13 23:27:27 Notice: Notice (8): Undefined property: View::$Session in [/Applications/MAMP/htdocs/svtour/svt/views/layouts/default.ctp, line 50]
2014-05-13 23:27:27 Notice: Notice (8): Undefined property: View::$Session in [/Applications/MAMP/htdocs/svtour/svt/views/layouts/default.ctp, line 50]
2014-05-13 23:27:27 Notice: Notice (8): Undefined property: View::$Session in [/Applications/MAMP/htdocs/svtour/svt/views/layouts/default.ctp, line 50]
2014-05-13 23:27:28 Notice: Notice (8): Undefined property: View::$Session in [/Applications/MAMP/htdocs/svtour/svt/views/layouts/default.ctp, line 50]
2014-05-13 23:27:28 Notice: Notice (8): Undefined property: View::$Session in [/Applications/MAMP/htdocs/svtour/svt/views/layouts/default.ctp, line 50]
2014-05-13 23:27:28 Notice: Notice (8): Undefined property: View::$Session in [/Applications/MAMP/htdocs/svtour/svt/views/layouts/default.ctp, line 50]
2014-05-13 23:27:28 Notice: Notice (8): Undefined property: View::$Session in [/Applications/MAMP/htdocs/svtour/svt/views/layouts/default.ctp, line 50]
2014-05-13 23:27:28 Notice: Notice (8): Undefined property: View::$Session in [/Applications/MAMP/htdocs/svtour/svt/views/layouts/default.ctp, line 50]
2014-05-13 23:27:28 Notice: Notice (8): Undefined property: View::$Session in [/Applications/MAMP/htdocs/svtour/svt/views/layouts/default.ctp, line 50]
2014-05-13 23:27:28 Notice: Notice (8): Undefined property: View::$Session in [/Applications/MAMP/htdocs/svtour/svt/views/layouts/default.ctp, line 50]
2014-05-13 23:27:28 Notice: Notice (8): Undefined property: View::$Session in [/Applications/MAMP/htdocs/svtour/svt/views/layouts/default.ctp, line 50]
2014-05-13 23:27:28 Notice: Notice (8): Undefined property: View::$Session in [/Applications/MAMP/htdocs/svtour/svt/views/layouts/default.ctp, line 50]
2014-05-13 23:27:28 Notice: Notice (8): Undefined property: View::$Session in [/Applications/MAMP/htdocs/svtour/svt/views/layouts/default.ctp, line 50]
2014-05-13 23:27:28 Notice: Notice (8): Undefined property: View::$Session in [/Applications/MAMP/htdocs/svtour/svt/views/layouts/default.ctp, line 50]
2014-05-13 23:27:28 Notice: Notice (8): Undefined property: View::$Session in [/Applications/MAMP/htdocs/svtour/svt/views/layouts/default.ctp, line 50]
2014-05-13 23:27:28 Notice: Notice (8): Undefined property: View::$Session in [/Applications/MAMP/htdocs/svtour/svt/views/layouts/default.ctp, line 50]
2014-05-13 23:27:28 Notice: Notice (8): Undefined property: View::$Session in [/Applications/MAMP/htdocs/svtour/svt/views/layouts/default.ctp, line 50]
2014-05-13 23:27:28 Notice: Notice (8): Undefined property: View::$Session in [/Applications/MAMP/htdocs/svtour/svt/views/layouts/default.ctp, line 50]
2014-05-13 23:27:28 Notice: Notice (8): Undefined property: View::$Session in [/Applications/MAMP/htdocs/svtour/svt/views/layouts/default.ctp, line 50]
2014-05-13 23:27:28 Notice: Notice (8): Undefined property: View::$Session in [/Applications/MAMP/htdocs/svtour/svt/views/layouts/default.ctp, line 50]
2014-05-13 23:27:28 Notice: Notice (8): Undefined property: View::$Session in [/Applications/MAMP/htdocs/svtour/svt/views/layouts/default.ctp, line 50]
2014-05-13 23:27:28 Notice: Notice (8): Undefined property: View::$Session in [/Applications/MAMP/htdocs/svtour/svt/views/layouts/default.ctp, line 50]
2014-05-13 23:27:28 Notice: Notice (8): Undefined property: View::$Session in [/Applications/MAMP/htdocs/svtour/svt/views/layouts/default.ctp, line 50]
2014-05-13 23:28:23 Notice: Notice (8): Undefined property: View::$Session in [/Applications/MAMP/htdocs/svtour/svt/views/layouts/default.ctp, line 50]
2014-05-13 23:28:41 Notice: Notice (8): Undefined variable: Session in [/Applications/MAMP/htdocs/svtour/svt/views/layouts/default.ctp, line 50]
2014-05-13 23:31:42 Notice: Notice (8): Undefined property: View::$Session in [/Applications/MAMP/htdocs/svtour/svt/views/layouts/default.ctp, line 50]
2014-05-13 23:35:00 Notice: Notice (8): Undefined variable: session in [/Applications/MAMP/htdocs/svtour/svt/views/layouts/default.ctp, line 50]
2014-05-13 23:35:07 Notice: Notice (8): Undefined variable: Session in [/Applications/MAMP/htdocs/svtour/svt/views/layouts/default.ctp, line 50]
2014-05-13 23:39:16 Notice: Notice (8): Undefined variable: Session in [/Applications/MAMP/htdocs/svtour/svt/views/layouts/default.ctp, line 50]
2014-05-13 23:39:25 Notice: Notice (8): Undefined variable: Session in [/Applications/MAMP/htdocs/svtour/svt/views/layouts/default.ctp, line 50]
2014-05-13 23:39:56 Notice: Notice (8): Undefined variable: Session in [/Applications/MAMP/htdocs/svtour/svt/views/layouts/default.ctp, line 50]
2014-05-13 23:40:17 Notice: Notice (8): Undefined variable: Session in [/Applications/MAMP/htdocs/svtour/svt/views/layouts/default.ctp, line 51]
2014-05-13 23:40:35 Notice: Notice (8): Undefined variable: Session in [/Applications/MAMP/htdocs/svtour/svt/views/layouts/default.ctp, line 51]
2014-05-13 23:40:43 Notice: Notice (8): Undefined variable: Session in [/Applications/MAMP/htdocs/svtour/svt/views/layouts/default.ctp, line 50]
2014-05-13 23:41:04 Notice: Notice (8): Undefined property: View::$Session in [/Applications/MAMP/htdocs/svtour/svt/views/layouts/default.ctp, line 50]
2014-05-13 23:43:04 Notice: Notice (8): Undefined property: View::$Session in [/Applications/MAMP/htdocs/svtour/svt/views/layouts/default.ctp, line 51]
2014-05-14 00:56:32 Notice: Notice (8): Undefined index:  correo in [/Applications/MAMP/htdocs/svtour/svt/views/params/index.ctp, line 37]
2014-05-14 00:56:32 Notice: Notice (8): Undefined index:  facebook in [/Applications/MAMP/htdocs/svtour/svt/views/params/index.ctp, line 38]
2014-05-14 00:56:32 Notice: Notice (8): Undefined index:  twitter in [/Applications/MAMP/htdocs/svtour/svt/views/params/index.ctp, line 39]
2014-05-14 00:56:32 Notice: Notice (8): Undefined index:  paginacion in [/Applications/MAMP/htdocs/svtour/svt/views/params/index.ctp, line 40]
2014-05-14 00:57:14 Notice: Notice (8): Undefined index:  correo in [/Applications/MAMP/htdocs/svtour/svt/views/params/index.ctp, line 37]
2014-05-14 00:57:14 Notice: Notice (8): Undefined index:  facebook in [/Applications/MAMP/htdocs/svtour/svt/views/params/index.ctp, line 38]
2014-05-14 00:57:14 Notice: Notice (8): Undefined index:  twitter in [/Applications/MAMP/htdocs/svtour/svt/views/params/index.ctp, line 39]
2014-05-16 15:23:19 Notice: Notice (8): Use of undefined constant VALID_NOT_EMPTY - assumed 'VALID_NOT_EMPTY' in [/Applications/MAMP/htdocs/svtour/cake/libs/class_registry.php, line 142]
2014-05-16 15:25:30 Notice: Notice (8): Use of undefined constant VALID_NOT_EMPTY - assumed 'VALID_NOT_EMPTY' in [/Applications/MAMP/htdocs/svtour/cake/libs/class_registry.php, line 142]
2014-05-16 15:25:32 Notice: Notice (8): Use of undefined constant VALID_NOT_EMPTY - assumed 'VALID_NOT_EMPTY' in [/Applications/MAMP/htdocs/svtour/cake/libs/class_registry.php, line 142]
2014-05-16 15:25:39 Notice: Notice (8): Use of undefined constant VALID_NOT_EMPTY - assumed 'VALID_NOT_EMPTY' in [/Applications/MAMP/htdocs/svtour/cake/libs/class_registry.php, line 142]
2014-05-16 15:26:04 Notice: Notice (8): Use of undefined constant VALID_NOT_EMPTY - assumed 'VALID_NOT_EMPTY' in [/Applications/MAMP/htdocs/svtour/cake/libs/class_registry.php, line 142]
2014-05-17 23:46:34 Notice: Notice (8): Undefined variable: flash in [/Applications/MAMP/htdocs/svtour/svt/views/elements/flash.ctp, line 2]
2014-05-17 23:53:05 Notice: Notice (8): Undefined index:  class in [/Applications/MAMP/htdocs/svtour/svt/views/elements/flash.ctp, line 3]
2014-05-18 13:52:18 Notice: Notice (8): Undefined property: Usuario::$errors in [/Applications/MAMP/htdocs/svtour/svt/controllers/usuarios_controller.php, line 63]
2014-05-18 17:15:41 Notice: Notice (8): Undefined index:  class in [/Applications/MAMP/htdocs/svtour/svt/views/elements/flash.ctp, line 3]
2014-05-18 17:16:16 Notice: Notice (8): Undefined index:  class in [/Applications/MAMP/htdocs/svtour/svt/views/elements/flash.ctp, line 3]
2014-05-18 17:16:22 Notice: Notice (8): Undefined index:  class in [/Applications/MAMP/htdocs/svtour/svt/views/elements/flash.ctp, line 3]
2014-05-18 17:33:43 Notice: Notice (8): Undefined index:  ProgramasCircuitos in [/Applications/MAMP/htdocs/svtour/svt/views/programas_circuitos/index.ctp, line 15]
2014-05-18 17:33:43 Notice: Notice (8): Undefined index:  ProgramasCircuitos in [/Applications/MAMP/htdocs/svtour/svt/views/programas_circuitos/index.ctp, line 17]
2014-05-18 17:33:43 Notice: Notice (8): Undefined index:  ProgramasCircuitos in [/Applications/MAMP/htdocs/svtour/svt/views/programas_circuitos/index.ctp, line 20]
2014-05-18 17:33:43 Notice: Notice (8): Undefined index:  ProgramasCircuitos in [/Applications/MAMP/htdocs/svtour/svt/views/programas_circuitos/index.ctp, line 21]
2014-05-18 17:39:53 Notice: Notice (8): Undefined variable: parentArray in [/Applications/MAMP/htdocs/svtour/svt/views/programas_circuitos/add.ctp, line 15]
2014-05-18 17:40:05 Notice: Notice (8): Undefined variable: parentArray in [/Applications/MAMP/htdocs/svtour/svt/views/programas_circuitos/add.ctp, line 15]
2014-05-18 17:55:08 Notice: Notice (8): Undefined variable: lista_programas_y_cirtuitos in [/Applications/MAMP/htdocs/svtour/svt/controllers/programas_circuitos_controller.php, line 22]
2014-05-18 17:58:04 Notice: Notice (8): Undefined variable: lista_programas_y_cirtuitos in [/Applications/MAMP/htdocs/svtour/svt/controllers/programas_circuitos_controller.php, line 23]
2014-05-18 18:13:16 Notice: Notice (8): Undefined index:  parent_id in [/Applications/MAMP/htdocs/svtour/cake/libs/model/model.php, line 2352]
2014-05-18 18:13:23 Notice: Notice (8): Undefined index:  parent_id in [/Applications/MAMP/htdocs/svtour/cake/libs/model/model.php, line 2352]
2014-05-18 18:13:26 Notice: Notice (8): Undefined index:  parent_id in [/Applications/MAMP/htdocs/svtour/cake/libs/model/model.php, line 2352]
2014-05-18 18:13:28 Notice: Notice (8): Undefined index:  parent_id in [/Applications/MAMP/htdocs/svtour/cake/libs/model/model.php, line 2352]
2014-05-18 18:13:30 Notice: Notice (8): Undefined index:  parent_id in [/Applications/MAMP/htdocs/svtour/cake/libs/model/model.php, line 2352]
2014-05-18 18:13:31 Notice: Notice (8): Undefined index:  parent_id in [/Applications/MAMP/htdocs/svtour/cake/libs/model/model.php, line 2352]
2014-05-18 18:13:33 Notice: Notice (8): Undefined index:  parent_id in [/Applications/MAMP/htdocs/svtour/cake/libs/model/model.php, line 2352]
2014-05-18 18:13:34 Notice: Notice (8): Undefined index:  parent_id in [/Applications/MAMP/htdocs/svtour/cake/libs/model/model.php, line 2352]
2014-05-18 18:13:50 Notice: Notice (8): Undefined index:  parent_id in [/Applications/MAMP/htdocs/svtour/cake/libs/model/model.php, line 2352]
2014-05-18 18:20:18 Notice: Notice (8): Undefined variable: data in [/Applications/MAMP/htdocs/svtour/svt/views/programas_circuitos/index.ctp, line 4]
2014-05-18 18:20:21 Notice: Notice (8): Undefined variable: data in [/Applications/MAMP/htdocs/svtour/svt/views/programas_circuitos/index.ctp, line 4]
2014-05-18 18:20:23 Notice: Notice (8): Undefined variable: data in [/Applications/MAMP/htdocs/svtour/svt/views/programas_circuitos/index.ctp, line 4]
2014-05-18 18:23:07 Notice: Notice (8): Undefined variable: data in [/Applications/MAMP/htdocs/svtour/svt/views/programas_circuitos/index.ctp, line 4]
2014-05-18 18:23:09 Notice: Notice (8): Undefined variable: data in [/Applications/MAMP/htdocs/svtour/svt/views/programas_circuitos/index.ctp, line 4]
2014-05-18 18:23:10 Notice: Notice (8): Undefined variable: data in [/Applications/MAMP/htdocs/svtour/svt/views/programas_circuitos/index.ctp, line 4]
2014-05-18 18:23:44 Notice: Notice (8): Undefined variable: data in [/Applications/MAMP/htdocs/svtour/svt/views/programas_circuitos/index.ctp, line 4]
2014-05-18 18:24:12 Notice: Notice (8): Undefined variable: data in [/Applications/MAMP/htdocs/svtour/svt/views/programas_circuitos/index.ctp, line 4]
2014-05-18 18:24:17 Notice: Notice (8): Undefined variable: data in [/Applications/MAMP/htdocs/svtour/svt/views/programas_circuitos/index.ctp, line 4]
2014-05-18 18:24:17 Notice: Notice (8): Undefined offset:  1 in [/Applications/MAMP/htdocs/svtour/svt/views/helpers/tree.php, line 8]
2014-05-18 18:24:22 Notice: Notice (8): Undefined variable: data in [/Applications/MAMP/htdocs/svtour/svt/views/programas_circuitos/index.ctp, line 4]
2014-05-18 18:24:22 Notice: Notice (8): Undefined offset:  1 in [/Applications/MAMP/htdocs/svtour/svt/views/helpers/tree.php, line 8]
2014-05-18 18:24:50 Notice: Notice (8): Undefined offset:  1 in [/Applications/MAMP/htdocs/svtour/svt/views/helpers/tree.php, line 8]
2014-05-18 18:24:50 Notice: Notice (8): Undefined index:  ProgramasCircuito.name in [/Applications/MAMP/htdocs/svtour/svt/views/helpers/tree.php, line 22]
2014-05-18 18:25:06 Notice: Notice (8): Undefined index:  Section in [/Applications/MAMP/htdocs/svtour/svt/views/helpers/tree.php, line 22]
2014-05-18 20:06:25 Notice: Notice (8): Undefined variable: output in [/Applications/MAMP/htdocs/svtour/svt/views/helpers/tree.php, line 20]
2014-05-18 20:06:55 Notice: Notice (8): Undefined variable: output in [/Applications/MAMP/htdocs/svtour/svt/views/helpers/tree.php, line 19]
2014-05-18 20:15:43 Notice: Notice (8): Undefined variable: html in [/Applications/MAMP/htdocs/svtour/svt/views/helpers/tree.php, line 23]
2014-05-18 20:16:11 Notice: Notice (8): Undefined property: TreeHelper::$Html in [/Applications/MAMP/htdocs/svtour/svt/views/helpers/tree.php, line 23]
2014-05-18 20:21:34 Notice: Notice (8): Undefined variable: row in [/Applications/MAMP/htdocs/svtour/svt/views/helpers/tree.php, line 26]
2014-05-18 20:21:34 Notice: Notice (8): Undefined offset:  3 in [/Applications/MAMP/htdocs/svtour/svt/views/helpers/tree.php, line 25]
2014-05-18 20:21:34 Notice: Notice (8): Undefined offset:  3 in [/Applications/MAMP/htdocs/svtour/svt/views/helpers/tree.php, line 26]
2014-05-18 20:22:29 Notice: Notice (8): Undefined offset:  3 in [/Applications/MAMP/htdocs/svtour/svt/views/helpers/tree.php, line 25]
2014-05-18 20:22:29 Notice: Notice (8): Undefined offset:  3 in [/Applications/MAMP/htdocs/svtour/svt/views/helpers/tree.php, line 26]
2014-05-19 21:08:35 Notice: Notice (8): Undefined variable: ProgramasCircuitos in [/Applications/MAMP/htdocs/svtour/svt/views/programas_circuitos/add.ctp, line 15]
2014-05-19 21:09:25 Notice: Notice (8): Undefined offset:  2 in [/Applications/MAMP/htdocs/svtour/svt/views/helpers/tree.php, line 23]
2014-05-19 21:09:25 Notice: Notice (8): Undefined index:   in [/Applications/MAMP/htdocs/svtour/svt/views/helpers/tree.php, line 23]
2014-05-19 21:09:25 Notice: Notice (8): Undefined offset:  3 in [/Applications/MAMP/htdocs/svtour/svt/views/helpers/tree.php, line 25]
2014-05-19 21:09:25 Notice: Notice (8): Undefined offset:  2 in [/Applications/MAMP/htdocs/svtour/svt/views/helpers/tree.php, line 25]
2014-05-19 21:09:25 Notice: Notice (8): Undefined index:   in [/Applications/MAMP/htdocs/svtour/svt/views/helpers/tree.php, line 25]
2014-05-19 21:09:25 Notice: Notice (8): Undefined offset:  3 in [/Applications/MAMP/htdocs/svtour/svt/views/helpers/tree.php, line 26]
2014-05-19 21:09:25 Notice: Notice (8): Undefined offset:  2 in [/Applications/MAMP/htdocs/svtour/svt/views/helpers/tree.php, line 26]
2014-05-19 21:09:25 Notice: Notice (8): Undefined index:   in [/Applications/MAMP/htdocs/svtour/svt/views/helpers/tree.php, line 26]
2014-05-19 21:09:25 Notice: Notice (8): Undefined offset:  2 in [/Applications/MAMP/htdocs/svtour/svt/views/helpers/tree.php, line 29]
2014-05-19 21:09:25 Notice: Notice (8): Undefined offset:  3 in [/Applications/MAMP/htdocs/svtour/svt/views/helpers/tree.php, line 29]
2014-05-19 21:09:55 Notice: Notice (8): Undefined offset:  2 in [/Applications/MAMP/htdocs/svtour/svt/views/helpers/tree.php, line 23]
2014-05-19 21:09:55 Notice: Notice (8): Undefined index:   in [/Applications/MAMP/htdocs/svtour/svt/views/helpers/tree.php, line 23]
2014-05-19 21:09:55 Notice: Notice (8): Undefined offset:  3 in [/Applications/MAMP/htdocs/svtour/svt/views/helpers/tree.php, line 25]
2014-05-19 21:09:55 Notice: Notice (8): Undefined offset:  2 in [/Applications/MAMP/htdocs/svtour/svt/views/helpers/tree.php, line 25]
2014-05-19 21:09:55 Notice: Notice (8): Undefined index:   in [/Applications/MAMP/htdocs/svtour/svt/views/helpers/tree.php, line 25]
2014-05-19 21:09:55 Notice: Notice (8): Undefined offset:  3 in [/Applications/MAMP/htdocs/svtour/svt/views/helpers/tree.php, line 26]
2014-05-19 21:09:55 Notice: Notice (8): Undefined offset:  2 in [/Applications/MAMP/htdocs/svtour/svt/views/helpers/tree.php, line 26]
2014-05-19 21:09:55 Notice: Notice (8): Undefined index:   in [/Applications/MAMP/htdocs/svtour/svt/views/helpers/tree.php, line 26]
2014-05-19 21:09:55 Notice: Notice (8): Undefined offset:  2 in [/Applications/MAMP/htdocs/svtour/svt/views/helpers/tree.php, line 29]
2014-05-19 21:09:55 Notice: Notice (8): Undefined offset:  3 in [/Applications/MAMP/htdocs/svtour/svt/views/helpers/tree.php, line 29]
2014-05-19 21:20:48 Notice: Notice (8): Undefined index:  7 in [/Applications/MAMP/htdocs/svtour/svt/views/helpers/tree.php, line 49]
2014-05-19 21:20:48 Notice: Notice (8): Undefined variable: selectedEstado in [/Applications/MAMP/htdocs/svtour/svt/views/programas_circuitos/edit.ctp, line 37]
2014-05-19 21:20:48 Notice: Notice (8): Undefined index:   in [/Applications/MAMP/htdocs/svtour/svt/views/helpers/tree.php, line 49]
2014-05-19 21:20:48 Notice: Notice (8): Undefined variable: selectedEstado in [/Applications/MAMP/htdocs/svtour/svt/views/programas_circuitos/edit.ctp, line 37]
2014-05-19 21:21:51 Notice: Notice (8): Undefined index:   in [/Applications/MAMP/htdocs/svtour/svt/views/helpers/tree.php, line 49]
2014-05-19 21:22:01 Notice: Notice (8): Undefined offset:  0 in [/Applications/MAMP/htdocs/svtour/svt/views/helpers/tree.php, line 49]
2014-05-19 21:23:39 Notice: Notice (8): Undefined variable: selectedEstado in [/Applications/MAMP/htdocs/svtour/svt/views/programas_circuitos/edit.ctp, line 37]
2014-05-19 21:23:39 Notice: Notice (8): Undefined variable: selectedEstado in [/Applications/MAMP/htdocs/svtour/svt/views/programas_circuitos/edit.ctp, line 37]
2014-05-19 21:23:43 Notice: Notice (8): Undefined variable: selectedEstado in [/Applications/MAMP/htdocs/svtour/svt/views/programas_circuitos/edit.ctp, line 37]
2014-05-19 21:23:44 Notice: Notice (8): Undefined variable: selectedEstado in [/Applications/MAMP/htdocs/svtour/svt/views/programas_circuitos/edit.ctp, line 37]
2014-05-19 21:23:59 Notice: Notice (8): Undefined variable: selectedEstado in [/Applications/MAMP/htdocs/svtour/svt/views/programas_circuitos/edit.ctp, line 37]
2014-05-19 21:23:59 Notice: Notice (8): Undefined variable: selectedEstado in [/Applications/MAMP/htdocs/svtour/svt/views/programas_circuitos/edit.ctp, line 37]
2014-05-19 21:24:24 Notice: Notice (8): Undefined variable: selectedEstado in [/Applications/MAMP/htdocs/svtour/svt/views/programas_circuitos/edit.ctp, line 37]
2014-05-19 21:24:24 Notice: Notice (8): Undefined variable: selectedEstado in [/Applications/MAMP/htdocs/svtour/svt/views/programas_circuitos/edit.ctp, line 37]
2014-05-19 21:25:08 Notice: Notice (8): Undefined variable: output in [/Applications/MAMP/htdocs/svtour/svt/views/helpers/tree.php, line 47]
2014-05-19 21:25:08 Notice: Notice (8): Undefined variable: selectedEstado in [/Applications/MAMP/htdocs/svtour/svt/views/programas_circuitos/edit.ctp, line 37]
2014-05-19 21:25:08 Notice: Notice (8): Undefined variable: output in [/Applications/MAMP/htdocs/svtour/svt/views/helpers/tree.php, line 47]
2014-05-19 21:25:08 Notice: Notice (8): Undefined variable: selectedEstado in [/Applications/MAMP/htdocs/svtour/svt/views/programas_circuitos/edit.ctp, line 37]
2014-05-19 21:25:29 Notice: Notice (8): Undefined variable: output in [/Applications/MAMP/htdocs/svtour/svt/views/helpers/tree.php, line 47]
2014-05-19 21:25:29 Notice: Notice (8): Undefined variable: selectedEstado in [/Applications/MAMP/htdocs/svtour/svt/views/programas_circuitos/edit.ctp, line 37]
2014-05-19 21:25:29 Notice: Notice (8): Undefined variable: output in [/Applications/MAMP/htdocs/svtour/svt/views/helpers/tree.php, line 47]
2014-05-19 21:25:29 Notice: Notice (8): Undefined variable: selectedEstado in [/Applications/MAMP/htdocs/svtour/svt/views/programas_circuitos/edit.ctp, line 37]
2014-05-19 21:25:41 Notice: Notice (8): Undefined variable: selectedEstado in [/Applications/MAMP/htdocs/svtour/svt/views/programas_circuitos/edit.ctp, line 37]
2014-05-19 21:25:41 Notice: Notice (8): Undefined variable: selectedEstado in [/Applications/MAMP/htdocs/svtour/svt/views/programas_circuitos/edit.ctp, line 37]
2014-05-19 21:26:58 Notice: Notice (8): Undefined variable: selectedEstado in [/Applications/MAMP/htdocs/svtour/svt/views/programas_circuitos/edit.ctp, line 37]
2014-05-19 21:26:58 Notice: Notice (8): Undefined variable: selectedEstado in [/Applications/MAMP/htdocs/svtour/svt/views/programas_circuitos/edit.ctp, line 37]
2014-05-19 21:27:07 Notice: Notice (8): Undefined variable: selectedEstado in [/Applications/MAMP/htdocs/svtour/svt/views/programas_circuitos/edit.ctp, line 37]
2014-05-19 21:27:07 Notice: Notice (8): Undefined variable: selectedEstado in [/Applications/MAMP/htdocs/svtour/svt/views/programas_circuitos/edit.ctp, line 37]
2014-05-19 21:27:11 Notice: Notice (8): Undefined variable: selectedEstado in [/Applications/MAMP/htdocs/svtour/svt/views/programas_circuitos/edit.ctp, line 37]
2014-05-19 21:27:11 Notice: Notice (8): Undefined variable: selectedEstado in [/Applications/MAMP/htdocs/svtour/svt/views/programas_circuitos/edit.ctp, line 37]
2014-05-19 21:27:17 Notice: Notice (8): Undefined variable: selectedEstado in [/Applications/MAMP/htdocs/svtour/svt/views/programas_circuitos/edit.ctp, line 37]
2014-05-19 21:27:17 Notice: Notice (8): Undefined variable: selectedEstado in [/Applications/MAMP/htdocs/svtour/svt/views/programas_circuitos/edit.ctp, line 37]
2014-05-19 21:27:28 Notice: Notice (8): Undefined variable: selectedEstado in [/Applications/MAMP/htdocs/svtour/svt/views/programas_circuitos/edit.ctp, line 37]
2014-05-19 21:27:28 Notice: Notice (8): Undefined variable: selectedEstado in [/Applications/MAMP/htdocs/svtour/svt/views/programas_circuitos/edit.ctp, line 37]
2014-05-19 21:28:26 Notice: Notice (8): Undefined variable: selectedEstado in [/Applications/MAMP/htdocs/svtour/svt/views/programas_circuitos/edit.ctp, line 37]
2014-05-19 21:30:22 Notice: Notice (8): Undefined variable: selectedEstado in [/Applications/MAMP/htdocs/svtour/svt/views/programas_circuitos/edit.ctp, line 37]
2014-05-19 21:35:01 Notice: Notice (8): Undefined variable: selectedEstado in [/Applications/MAMP/htdocs/svtour/svt/views/programas_circuitos/edit.ctp, line 37]
2014-05-20 20:50:12 Notice: Notice (8): Undefined index:  nombre in [/Applications/MAMP/htdocs/svtour/svt/views/tags/index.ctp, line 14]
2014-05-20 20:50:12 Notice: Notice (8): Undefined variable: i in [/Applications/MAMP/htdocs/svtour/svt/views/tags/index.ctp, line 22]
2014-05-20 20:50:36 Notice: Notice (8): Undefined index:  nombre in [/Applications/MAMP/htdocs/svtour/svt/views/tags/index.ctp, line 14]
2014-05-23 17:56:35 Notice: Notice (8): Undefined variable: Tags in [/Applications/MAMP/htdocs/svtour/svt/views/ofertas/index.ctp, line 4]
2014-05-23 18:36:43 Notice: Notice (8): Undefined variable: OfertasActivas in [/Applications/MAMP/htdocs/svtour/svt/views/ofertas/index.ctp, line 1]
2014-05-27 23:07:19 Notice: Notice (8): Undefined index:  Oferta in [/Applications/MAMP/htdocs/svtour/svt/views/helpers/tree.php, line 75]
2014-05-27 23:10:36 Notice: Notice (8): Undefined index:  programacircuito_id in [/Applications/MAMP/htdocs/svtour/svt/views/helpers/tree.php, line 75]
2014-05-27 23:10:56 Notice: Notice (8): Undefined index:  programacircuito_id in [/Applications/MAMP/htdocs/svtour/svt/views/helpers/tree.php, line 75]
2014-06-02 22:36:51 Notice: Notice (8): Undefined property: View::$Text in [/Applications/MAMP/htdocs/svtour/svt/views/layouts/default.ctp, line 218]
2014-06-02 22:37:02 Notice: Notice (8): Undefined variable: text in [/Applications/MAMP/htdocs/svtour/svt/views/layouts/default.ctp, line 218]
2014-06-02 22:37:07 Notice: Notice (8): Undefined variable: Text in [/Applications/MAMP/htdocs/svtour/svt/views/layouts/default.ctp, line 218]
2014-06-02 22:38:15 Notice: Notice (8): Undefined variable: Text in [/Applications/MAMP/htdocs/svtour/svt/views/layouts/default.ctp, line 218]
2014-06-02 22:57:45 Notice: Notice (8): Undefined property: TagsController::$Oferta in [/Applications/MAMP/htdocs/svtour/svt/app_controller.php, line 53]
2014-06-02 23:29:11 Notice: Notice (8): Undefined property: ParamsController::$ProgramasCircuito in [/Applications/MAMP/htdocs/svtour/svt/controllers/params_controller.php, line 29]
2014-06-03 23:05:03 Notice: Notice (8): Undefined index:  Param in [/Applications/MAMP/htdocs/svtour/svt/views/params/index.ctp, line 26]
2014-06-03 23:05:03 Notice: Notice (8): Undefined index:  Param in [/Applications/MAMP/htdocs/svtour/svt/views/params/index.ctp, line 27]
2014-06-03 23:05:03 Notice: Notice (8): Undefined index:  Param in [/Applications/MAMP/htdocs/svtour/svt/views/params/index.ctp, line 28]
2014-06-03 23:05:03 Notice: Notice (8): Undefined index:  Param in [/Applications/MAMP/htdocs/svtour/svt/views/params/index.ctp, line 31]
2014-06-03 23:06:36 Notice: Notice (8): Undefined index:  Param in [/Applications/MAMP/htdocs/svtour/svt/views/params/index.ctp, line 26]
2014-06-03 23:06:36 Notice: Notice (8): Undefined index:  Param in [/Applications/MAMP/htdocs/svtour/svt/views/params/index.ctp, line 27]
2014-06-03 23:06:36 Notice: Notice (8): Undefined index:  Param in [/Applications/MAMP/htdocs/svtour/svt/views/params/index.ctp, line 28]
2014-06-03 23:06:36 Notice: Notice (8): Undefined index:  Param in [/Applications/MAMP/htdocs/svtour/svt/views/params/index.ctp, line 31]
2014-06-03 23:06:48 Notice: Notice (8): Undefined index:  Param in [/Applications/MAMP/htdocs/svtour/svt/views/params/index.ctp, line 26]
2014-06-03 23:06:48 Notice: Notice (8): Undefined index:  Param in [/Applications/MAMP/htdocs/svtour/svt/views/params/index.ctp, line 27]
2014-06-03 23:06:48 Notice: Notice (8): Undefined index:  Param in [/Applications/MAMP/htdocs/svtour/svt/views/params/index.ctp, line 28]
2014-06-03 23:06:48 Notice: Notice (8): Undefined index:  Param in [/Applications/MAMP/htdocs/svtour/svt/views/params/index.ctp, line 31]
2014-06-05 23:25:53 Notice: Notice (8): Undefined index:  name in [/Applications/MAMP/htdocs/svtour/svt/views/colaboradores/index.ctp, line 14]
2014-06-06 00:32:36 Notice: Notice (8): Undefined variable: OfertasInactivas in [/Applications/MAMP/htdocs/svtour/svt/views/layouts/default.ctp, line 232]
2014-06-06 00:32:36 Notice: Notice (8): Undefined variable: OfertasInactivas in [/Applications/MAMP/htdocs/svtour/svt/views/layouts/default.ctp, line 238]
2014-06-06 00:33:27 Notice: Notice (8): Undefined variable: OfertasInactivas in [/Applications/MAMP/htdocs/svtour/svt/views/layouts/default.ctp, line 232]
2014-06-06 00:33:27 Notice: Notice (8): Undefined variable: OfertasInactivas in [/Applications/MAMP/htdocs/svtour/svt/views/layouts/default.ctp, line 238]
2014-06-06 00:33:37 Notice: Notice (8): Undefined variable: keynum in [/Applications/MAMP/htdocs/svtour/svt/views/photos/index.ctp, line 2]
2014-06-06 00:33:37 Notice: Notice (8): Undefined variable: keynum in [/Applications/MAMP/htdocs/svtour/svt/views/photos/index.ctp, line 37]
2014-06-06 00:33:37 Notice: Notice (8): Undefined variable: keynum in [/Applications/MAMP/htdocs/svtour/svt/views/photos/index.ctp, line 39]
2014-06-06 00:33:50 Notice: Notice (8): Undefined index:  Sections in [/Applications/MAMP/htdocs/svtour/svt/controllers/photos_controller.php, line 26]
2014-06-06 00:33:50 Notice: Notice (8): Undefined variable: keynum in [/Applications/MAMP/htdocs/svtour/svt/views/photos/index.ctp, line 2]
2014-06-06 00:33:50 Notice: Notice (8): Undefined variable: keynum in [/Applications/MAMP/htdocs/svtour/svt/views/photos/index.ctp, line 37]
2014-06-06 00:33:50 Notice: Notice (8): Undefined variable: keynum in [/Applications/MAMP/htdocs/svtour/svt/views/photos/index.ctp, line 39]
2014-06-06 00:34:24 Notice: Notice (8): Undefined index:  Sections in [/Applications/MAMP/htdocs/svtour/svt/controllers/photos_controller.php, line 26]
2014-06-06 00:34:24 Notice: Notice (8): Undefined variable: keynum in [/Applications/MAMP/htdocs/svtour/svt/views/photos/index.ctp, line 2]
2014-06-06 00:34:42 Notice: Notice (8): Undefined index:  Sections in [/Applications/MAMP/htdocs/svtour/svt/controllers/photos_controller.php, line 26]
2014-06-06 00:35:06 Notice: Notice (8): Undefined variable: generic in [/Applications/MAMP/htdocs/svtour/svt/views/photos/add.ctp, line 9]
2014-06-06 00:35:07 Notice: Notice (8): Undefined variable: keynum in [/Applications/MAMP/htdocs/svtour/svt/views/photos/add.ctp, line 10]
2014-06-06 00:38:28 Notice: Notice (8): Undefined property: ImageComponent::$tmp_location in [/Applications/MAMP/htdocs/svtour/svt/controllers/components/image.php, line 16]
2014-06-06 00:40:00 Notice: Notice (8): Undefined property: ImageComponent::$tmp_location in [/Applications/MAMP/htdocs/svtour/svt/controllers/components/image.php, line 16]
2014-06-06 00:41:19 Notice: Notice (8): Undefined property: ImageComponent::$tmp_location in [/Applications/MAMP/htdocs/svtour/svt/controllers/components/image.php, line 16]
2014-06-06 00:47:12 Notice: Notice (8): Undefined property: ImageComponent::$dirmarca in [/Applications/MAMP/htdocs/svtour/svt/controllers/components/image.php, line 75]
2014-06-06 00:47:13 Notice: Notice (8): Undefined index:  related_id in [/Applications/MAMP/htdocs/svtour/svt/controllers/photos_controller.php, line 83]
2014-06-06 00:47:13 Notice: Notice (8): Undefined index:  keynum in [/Applications/MAMP/htdocs/svtour/svt/controllers/photos_controller.php, line 83]
2014-06-06 00:48:41 Notice: Notice (8): Undefined variable: keynum in [/Applications/MAMP/htdocs/svtour/svt/views/photos/index.ctp, line 39]
2014-06-06 00:49:33 Notice: Notice (8): Undefined variable: keynum in [/Applications/MAMP/htdocs/svtour/svt/views/photos/index.ctp, line 39]
2014-06-06 00:49:34 Notice: Notice (8): Undefined variable: OfertasInactivas in [/Applications/MAMP/htdocs/svtour/svt/views/layouts/default.ctp, line 232]
2014-06-06 00:49:34 Notice: Notice (8): Undefined variable: OfertasInactivas in [/Applications/MAMP/htdocs/svtour/svt/views/layouts/default.ctp, line 238]
2014-06-06 00:49:42 Notice: Notice (8): Undefined variable: keynum in [/Applications/MAMP/htdocs/svtour/svt/views/photos/index.ctp, line 39]
2014-06-06 00:53:02 Notice: Notice (8): Undefined variable: keynum in [/Applications/MAMP/htdocs/svtour/svt/views/photos/index.ctp, line 39]
2014-06-06 00:53:19 Notice: Notice (8): Undefined variable: keynum in [/Applications/MAMP/htdocs/svtour/svt/views/photos/index.ctp, line 39]
2014-06-06 00:53:19 Notice: Notice (8): Undefined variable: OfertasInactivas in [/Applications/MAMP/htdocs/svtour/svt/views/layouts/default.ctp, line 232]
2014-06-06 00:53:19 Notice: Notice (8): Undefined variable: OfertasInactivas in [/Applications/MAMP/htdocs/svtour/svt/views/layouts/default.ctp, line 238]
2014-06-06 00:53:19 Notice: Notice (8): Undefined variable: OfertasInactivas in [/Applications/MAMP/htdocs/svtour/svt/views/layouts/default.ctp, line 232]
2014-06-06 00:53:19 Notice: Notice (8): Undefined variable: OfertasInactivas in [/Applications/MAMP/htdocs/svtour/svt/views/layouts/default.ctp, line 238]
2014-06-06 00:53:19 Notice: Notice (8): Undefined variable: OfertasInactivas in [/Applications/MAMP/htdocs/svtour/svt/views/layouts/default.ctp, line 232]
2014-06-06 00:53:19 Notice: Notice (8): Undefined variable: OfertasInactivas in [/Applications/MAMP/htdocs/svtour/svt/views/layouts/default.ctp, line 238]
2014-06-06 00:53:19 Notice: Notice (8): Undefined variable: OfertasInactivas in [/Applications/MAMP/htdocs/svtour/svt/views/layouts/default.ctp, line 232]
2014-06-06 00:53:19 Notice: Notice (8): Undefined variable: OfertasInactivas in [/Applications/MAMP/htdocs/svtour/svt/views/layouts/default.ctp, line 238]
2014-06-06 00:53:19 Notice: Notice (8): Undefined variable: OfertasInactivas in [/Applications/MAMP/htdocs/svtour/svt/views/layouts/default.ctp, line 232]
2014-06-06 00:53:19 Notice: Notice (8): Undefined variable: OfertasInactivas in [/Applications/MAMP/htdocs/svtour/svt/views/layouts/default.ctp, line 238]
2014-06-06 00:53:32 Notice: Notice (8): Undefined variable: OfertasInactivas in [/Applications/MAMP/htdocs/svtour/svt/views/layouts/default.ctp, line 232]
2014-06-06 00:53:32 Notice: Notice (8): Undefined variable: OfertasInactivas in [/Applications/MAMP/htdocs/svtour/svt/views/layouts/default.ctp, line 238]
2014-06-06 00:53:37 Notice: Notice (8): Undefined variable: OfertasInactivas in [/Applications/MAMP/htdocs/svtour/svt/views/layouts/default.ctp, line 232]
2014-06-06 00:53:37 Notice: Notice (8): Undefined variable: OfertasInactivas in [/Applications/MAMP/htdocs/svtour/svt/views/layouts/default.ctp, line 238]
2014-06-06 00:53:38 Notice: Notice (8): Undefined variable: OfertasInactivas in [/Applications/MAMP/htdocs/svtour/svt/views/layouts/default.ctp, line 232]
2014-06-06 00:53:38 Notice: Notice (8): Undefined variable: OfertasInactivas in [/Applications/MAMP/htdocs/svtour/svt/views/layouts/default.ctp, line 238]
2014-06-06 00:53:40 Notice: Notice (8): Undefined variable: OfertasInactivas in [/Applications/MAMP/htdocs/svtour/svt/views/layouts/default.ctp, line 232]
2014-06-06 00:53:40 Notice: Notice (8): Undefined variable: OfertasInactivas in [/Applications/MAMP/htdocs/svtour/svt/views/layouts/default.ctp, line 238]
2014-06-06 00:53:44 Notice: Notice (8): Undefined variable: OfertasInactivas in [/Applications/MAMP/htdocs/svtour/svt/views/layouts/default.ctp, line 232]
2014-06-06 00:53:44 Notice: Notice (8): Undefined variable: OfertasInactivas in [/Applications/MAMP/htdocs/svtour/svt/views/layouts/default.ctp, line 238]
2014-06-06 00:54:01 Notice: Notice (8): Undefined variable: nombre_album in [/Applications/MAMP/htdocs/svtour/svt/views/photos/index.ctp, line 1]
2014-06-06 00:54:02 Notice: Notice (8): Undefined variable: nombre_album in [/Applications/MAMP/htdocs/svtour/svt/views/photos/index.ctp, line 1]
2014-06-06 00:54:07 Notice: Notice (8): Undefined variable: OfertasInactivas in [/Applications/MAMP/htdocs/svtour/svt/views/layouts/default.ctp, line 232]
2014-06-06 00:54:07 Notice: Notice (8): Undefined variable: OfertasInactivas in [/Applications/MAMP/htdocs/svtour/svt/views/layouts/default.ctp, line 238]
2014-06-06 00:54:08 Notice: Notice (8): Undefined variable: OfertasInactivas in [/Applications/MAMP/htdocs/svtour/svt/views/layouts/default.ctp, line 232]
2014-06-06 00:54:08 Notice: Notice (8): Undefined variable: OfertasInactivas in [/Applications/MAMP/htdocs/svtour/svt/views/layouts/default.ctp, line 238]
2014-06-06 00:54:15 Notice: Notice (8): Undefined variable: nombre_album in [/Applications/MAMP/htdocs/svtour/svt/views/photos/index.ctp, line 1]
2014-06-06 00:54:37 Notice: Notice (8): Undefined variable: nombre_album in [/Applications/MAMP/htdocs/svtour/svt/views/photos/index.ctp, line 1]
2014-06-06 00:54:38 Notice: Notice (8): Undefined variable: nombre_album in [/Applications/MAMP/htdocs/svtour/svt/views/photos/index.ctp, line 1]
2014-06-06 00:54:39 Notice: Notice (8): Undefined variable: OfertasInactivas in [/Applications/MAMP/htdocs/svtour/svt/views/layouts/default.ctp, line 232]
2014-06-06 00:54:39 Notice: Notice (8): Undefined variable: OfertasInactivas in [/Applications/MAMP/htdocs/svtour/svt/views/layouts/default.ctp, line 238]
2014-06-06 00:54:39 Notice: Notice (8): Undefined variable: OfertasInactivas in [/Applications/MAMP/htdocs/svtour/svt/views/layouts/default.ctp, line 232]
2014-06-06 00:54:39 Notice: Notice (8): Undefined variable: OfertasInactivas in [/Applications/MAMP/htdocs/svtour/svt/views/layouts/default.ctp, line 238]
2014-06-06 00:54:40 Notice: Notice (8): Undefined variable: OfertasInactivas in [/Applications/MAMP/htdocs/svtour/svt/views/layouts/default.ctp, line 232]
2014-06-06 00:54:40 Notice: Notice (8): Undefined variable: OfertasInactivas in [/Applications/MAMP/htdocs/svtour/svt/views/layouts/default.ctp, line 238]
2014-06-06 00:54:57 Notice: Notice (8): Undefined variable: OfertasInactivas in [/Applications/MAMP/htdocs/svtour/svt/views/layouts/default.ctp, line 232]
2014-06-06 00:54:57 Notice: Notice (8): Undefined variable: OfertasInactivas in [/Applications/MAMP/htdocs/svtour/svt/views/layouts/default.ctp, line 238]
2014-06-06 00:54:58 Notice: Notice (8): Undefined variable: OfertasInactivas in [/Applications/MAMP/htdocs/svtour/svt/views/layouts/default.ctp, line 232]
2014-06-06 00:54:58 Notice: Notice (8): Undefined variable: OfertasInactivas in [/Applications/MAMP/htdocs/svtour/svt/views/layouts/default.ctp, line 238]
2014-06-06 00:55:35 Notice: Notice (8): Undefined variable: OfertasInactivas in [/Applications/MAMP/htdocs/svtour/svt/views/layouts/default.ctp, line 232]
2014-06-06 00:55:35 Notice: Notice (8): Undefined variable: OfertasInactivas in [/Applications/MAMP/htdocs/svtour/svt/views/layouts/default.ctp, line 238]
2014-06-06 00:55:35 Notice: Notice (8): Undefined variable: OfertasInactivas in [/Applications/MAMP/htdocs/svtour/svt/views/layouts/default.ctp, line 232]
2014-06-06 00:55:35 Notice: Notice (8): Undefined variable: OfertasInactivas in [/Applications/MAMP/htdocs/svtour/svt/views/layouts/default.ctp, line 238]
2014-06-06 00:55:35 Notice: Notice (8): Undefined variable: OfertasInactivas in [/Applications/MAMP/htdocs/svtour/svt/views/layouts/default.ctp, line 232]
2014-06-06 00:55:35 Notice: Notice (8): Undefined variable: OfertasInactivas in [/Applications/MAMP/htdocs/svtour/svt/views/layouts/default.ctp, line 238]
2014-06-06 00:55:35 Notice: Notice (8): Undefined variable: OfertasInactivas in [/Applications/MAMP/htdocs/svtour/svt/views/layouts/default.ctp, line 232]
2014-06-06 00:55:35 Notice: Notice (8): Undefined variable: OfertasInactivas in [/Applications/MAMP/htdocs/svtour/svt/views/layouts/default.ctp, line 238]
2014-06-06 00:55:35 Notice: Notice (8): Undefined variable: OfertasInactivas in [/Applications/MAMP/htdocs/svtour/svt/views/layouts/default.ctp, line 232]
2014-06-06 00:55:35 Notice: Notice (8): Undefined variable: OfertasInactivas in [/Applications/MAMP/htdocs/svtour/svt/views/layouts/default.ctp, line 238]
2014-06-06 00:55:46 Notice: Notice (8): Undefined variable: OfertasInactivas in [/Applications/MAMP/htdocs/svtour/svt/views/layouts/default.ctp, line 232]
2014-06-06 00:55:46 Notice: Notice (8): Undefined variable: OfertasInactivas in [/Applications/MAMP/htdocs/svtour/svt/views/layouts/default.ctp, line 238]
2014-06-06 00:55:46 Notice: Notice (8): Undefined variable: OfertasInactivas in [/Applications/MAMP/htdocs/svtour/svt/views/layouts/default.ctp, line 232]
2014-06-06 00:55:46 Notice: Notice (8): Undefined variable: OfertasInactivas in [/Applications/MAMP/htdocs/svtour/svt/views/layouts/default.ctp, line 238]
2014-06-06 00:55:46 Notice: Notice (8): Undefined variable: OfertasInactivas in [/Applications/MAMP/htdocs/svtour/svt/views/layouts/default.ctp, line 232]
2014-06-06 00:55:46 Notice: Notice (8): Undefined variable: OfertasInactivas in [/Applications/MAMP/htdocs/svtour/svt/views/layouts/default.ctp, line 238]
2014-06-06 00:55:46 Notice: Notice (8): Undefined variable: OfertasInactivas in [/Applications/MAMP/htdocs/svtour/svt/views/layouts/default.ctp, line 232]
2014-06-06 00:55:46 Notice: Notice (8): Undefined variable: OfertasInactivas in [/Applications/MAMP/htdocs/svtour/svt/views/layouts/default.ctp, line 238]
2014-06-06 00:55:46 Notice: Notice (8): Undefined variable: OfertasInactivas in [/Applications/MAMP/htdocs/svtour/svt/views/layouts/default.ctp, line 232]
2014-06-06 00:55:46 Notice: Notice (8): Undefined variable: OfertasInactivas in [/Applications/MAMP/htdocs/svtour/svt/views/layouts/default.ctp, line 238]
2014-06-06 00:55:57 Notice: Notice (8): Undefined variable: OfertasInactivas in [/Applications/MAMP/htdocs/svtour/svt/views/layouts/default.ctp, line 232]
2014-06-06 00:55:57 Notice: Notice (8): Undefined variable: OfertasInactivas in [/Applications/MAMP/htdocs/svtour/svt/views/layouts/default.ctp, line 238]
2014-06-06 01:37:49 Notice: Notice (8): Undefined variable: OfertasInactivas in [/Applications/MAMP/htdocs/svtour/svt/views/layouts/default.ctp, line 232]
2014-06-06 01:37:49 Notice: Notice (8): Undefined variable: OfertasInactivas in [/Applications/MAMP/htdocs/svtour/svt/views/layouts/default.ctp, line 238]
2014-06-06 01:38:02 Notice: Notice (8): Undefined variable: OfertasInactivas in [/Applications/MAMP/htdocs/svtour/svt/views/layouts/default.ctp, line 232]
2014-06-06 01:38:02 Notice: Notice (8): Undefined variable: OfertasInactivas in [/Applications/MAMP/htdocs/svtour/svt/views/layouts/default.ctp, line 238]
2014-06-06 01:38:27 Notice: Notice (8): Undefined variable: OfertasInactivas in [/Applications/MAMP/htdocs/svtour/svt/views/layouts/default.ctp, line 232]
2014-06-06 01:38:27 Notice: Notice (8): Undefined variable: OfertasInactivas in [/Applications/MAMP/htdocs/svtour/svt/views/layouts/default.ctp, line 238]
2014-06-06 01:38:27 Notice: Notice (8): Undefined variable: OfertasInactivas in [/Applications/MAMP/htdocs/svtour/svt/views/layouts/default.ctp, line 232]
2014-06-06 01:38:27 Notice: Notice (8): Undefined variable: OfertasInactivas in [/Applications/MAMP/htdocs/svtour/svt/views/layouts/default.ctp, line 238]
2014-06-06 01:38:27 Notice: Notice (8): Undefined variable: OfertasInactivas in [/Applications/MAMP/htdocs/svtour/svt/views/layouts/default.ctp, line 232]
2014-06-06 01:38:27 Notice: Notice (8): Undefined variable: OfertasInactivas in [/Applications/MAMP/htdocs/svtour/svt/views/layouts/default.ctp, line 238]
2014-06-06 01:38:29 Notice: Notice (8): Undefined variable: OfertasInactivas in [/Applications/MAMP/htdocs/svtour/svt/views/layouts/default.ctp, line 232]
2014-06-06 01:38:29 Notice: Notice (8): Undefined variable: OfertasInactivas in [/Applications/MAMP/htdocs/svtour/svt/views/layouts/default.ctp, line 238]
2014-06-06 01:38:30 Notice: Notice (8): Undefined variable: OfertasInactivas in [/Applications/MAMP/htdocs/svtour/svt/views/layouts/default.ctp, line 232]
2014-06-06 01:38:30 Notice: Notice (8): Undefined variable: OfertasInactivas in [/Applications/MAMP/htdocs/svtour/svt/views/layouts/default.ctp, line 238]
2014-06-06 01:38:30 Notice: Notice (8): Undefined variable: OfertasInactivas in [/Applications/MAMP/htdocs/svtour/svt/views/layouts/default.ctp, line 232]
2014-06-06 01:38:30 Notice: Notice (8): Undefined variable: OfertasInactivas in [/Applications/MAMP/htdocs/svtour/svt/views/layouts/default.ctp, line 238]
2014-06-06 01:38:30 Notice: Notice (8): Undefined variable: OfertasInactivas in [/Applications/MAMP/htdocs/svtour/svt/views/layouts/default.ctp, line 232]
2014-06-06 01:38:30 Notice: Notice (8): Undefined variable: OfertasInactivas in [/Applications/MAMP/htdocs/svtour/svt/views/layouts/default.ctp, line 238]
2014-06-06 01:38:30 Notice: Notice (8): Undefined variable: OfertasInactivas in [/Applications/MAMP/htdocs/svtour/svt/views/layouts/default.ctp, line 232]
2014-06-06 01:38:30 Notice: Notice (8): Undefined variable: OfertasInactivas in [/Applications/MAMP/htdocs/svtour/svt/views/layouts/default.ctp, line 238]
2014-06-06 01:38:31 Notice: Notice (8): Undefined variable: OfertasInactivas in [/Applications/MAMP/htdocs/svtour/svt/views/layouts/default.ctp, line 232]
2014-06-06 01:38:31 Notice: Notice (8): Undefined variable: OfertasInactivas in [/Applications/MAMP/htdocs/svtour/svt/views/layouts/default.ctp, line 238]
2014-06-06 01:38:32 Notice: Notice (8): Undefined variable: OfertasInactivas in [/Applications/MAMP/htdocs/svtour/svt/views/layouts/default.ctp, line 232]
2014-06-06 01:38:32 Notice: Notice (8): Undefined variable: OfertasInactivas in [/Applications/MAMP/htdocs/svtour/svt/views/layouts/default.ctp, line 238]
2014-06-06 01:38:32 Notice: Notice (8): Undefined variable: OfertasInactivas in [/Applications/MAMP/htdocs/svtour/svt/views/layouts/default.ctp, line 232]
2014-06-06 01:38:32 Notice: Notice (8): Undefined variable: OfertasInactivas in [/Applications/MAMP/htdocs/svtour/svt/views/layouts/default.ctp, line 238]
2014-06-06 01:38:32 Notice: Notice (8): Undefined variable: OfertasInactivas in [/Applications/MAMP/htdocs/svtour/svt/views/layouts/default.ctp, line 232]
2014-06-06 01:38:32 Notice: Notice (8): Undefined variable: OfertasInactivas in [/Applications/MAMP/htdocs/svtour/svt/views/layouts/default.ctp, line 238]
2014-06-06 01:38:33 Notice: Notice (8): Undefined variable: OfertasInactivas in [/Applications/MAMP/htdocs/svtour/svt/views/layouts/default.ctp, line 232]
2014-06-06 01:38:33 Notice: Notice (8): Undefined variable: OfertasInactivas in [/Applications/MAMP/htdocs/svtour/svt/views/layouts/default.ctp, line 238]
2014-06-06 01:38:33 Notice: Notice (8): Undefined variable: OfertasInactivas in [/Applications/MAMP/htdocs/svtour/svt/views/layouts/default.ctp, line 232]
2014-06-06 01:38:33 Notice: Notice (8): Undefined variable: OfertasInactivas in [/Applications/MAMP/htdocs/svtour/svt/views/layouts/default.ctp, line 238]
2014-06-06 01:38:45 Notice: Notice (8): Undefined variable: OfertasInactivas in [/Applications/MAMP/htdocs/svtour/svt/views/layouts/default.ctp, line 232]
2014-06-06 01:38:45 Notice: Notice (8): Undefined variable: OfertasInactivas in [/Applications/MAMP/htdocs/svtour/svt/views/layouts/default.ctp, line 238]
2014-06-17 19:00:34 Notice: Notice (8): Undefined variable: OfertasInactivas in [/Applications/MAMP/htdocs/svtour/svt/views/layouts/default.ctp, line 232]
2014-06-17 19:00:34 Notice: Notice (8): Undefined variable: OfertasInactivas in [/Applications/MAMP/htdocs/svtour/svt/views/layouts/default.ctp, line 238]
2014-06-17 19:00:34 Notice: Notice (8): Undefined variable: OfertasInactivas in [/Applications/MAMP/htdocs/svtour/svt/views/layouts/default.ctp, line 232]
2014-06-17 19:00:34 Notice: Notice (8): Undefined variable: OfertasInactivas in [/Applications/MAMP/htdocs/svtour/svt/views/layouts/default.ctp, line 238]
2014-06-17 19:00:34 Notice: Notice (8): Undefined variable: OfertasInactivas in [/Applications/MAMP/htdocs/svtour/svt/views/layouts/default.ctp, line 232]
2014-06-17 19:00:34 Notice: Notice (8): Undefined variable: OfertasInactivas in [/Applications/MAMP/htdocs/svtour/svt/views/layouts/default.ctp, line 238]
2014-06-17 19:00:34 Notice: Notice (8): Undefined variable: OfertasInactivas in [/Applications/MAMP/htdocs/svtour/svt/views/layouts/default.ctp, line 232]
2014-06-17 19:00:34 Notice: Notice (8): Undefined variable: OfertasInactivas in [/Applications/MAMP/htdocs/svtour/svt/views/layouts/default.ctp, line 238]
2014-06-17 19:00:34 Notice: Notice (8): Undefined variable: OfertasInactivas in [/Applications/MAMP/htdocs/svtour/svt/views/layouts/default.ctp, line 232]
2014-06-17 19:00:34 Notice: Notice (8): Undefined variable: OfertasInactivas in [/Applications/MAMP/htdocs/svtour/svt/views/layouts/default.ctp, line 238]
2014-06-17 19:00:35 Notice: Notice (8): Undefined variable: OfertasInactivas in [/Applications/MAMP/htdocs/svtour/svt/views/layouts/default.ctp, line 232]
2014-06-17 19:00:35 Notice: Notice (8): Undefined variable: OfertasInactivas in [/Applications/MAMP/htdocs/svtour/svt/views/layouts/default.ctp, line 238]
2014-06-17 19:00:37 Notice: Notice (8): Undefined variable: OfertasInactivas in [/Applications/MAMP/htdocs/svtour/svt/views/layouts/default.ctp, line 232]
2014-06-17 19:00:37 Notice: Notice (8): Undefined variable: OfertasInactivas in [/Applications/MAMP/htdocs/svtour/svt/views/layouts/default.ctp, line 238]
2014-06-17 19:00:44 Notice: Notice (8): Undefined variable: OfertasInactivas in [/Applications/MAMP/htdocs/svtour/svt/views/layouts/default.ctp, line 232]
2014-06-17 19:00:44 Notice: Notice (8): Undefined variable: OfertasInactivas in [/Applications/MAMP/htdocs/svtour/svt/views/layouts/default.ctp, line 238]
2014-06-17 19:00:44 Notice: Notice (8): Undefined variable: OfertasInactivas in [/Applications/MAMP/htdocs/svtour/svt/views/layouts/default.ctp, line 232]
2014-06-17 19:00:44 Notice: Notice (8): Undefined variable: OfertasInactivas in [/Applications/MAMP/htdocs/svtour/svt/views/layouts/default.ctp, line 238]
2014-06-17 19:00:45 Notice: Notice (8): Undefined variable: OfertasInactivas in [/Applications/MAMP/htdocs/svtour/svt/views/layouts/default.ctp, line 232]
2014-06-17 19:00:45 Notice: Notice (8): Undefined variable: OfertasInactivas in [/Applications/MAMP/htdocs/svtour/svt/views/layouts/default.ctp, line 238]
2014-06-17 19:00:45 Notice: Notice (8): Undefined variable: OfertasInactivas in [/Applications/MAMP/htdocs/svtour/svt/views/layouts/default.ctp, line 232]
2014-06-17 19:00:45 Notice: Notice (8): Undefined variable: OfertasInactivas in [/Applications/MAMP/htdocs/svtour/svt/views/layouts/default.ctp, line 238]
2014-06-17 19:00:46 Notice: Notice (8): Undefined variable: OfertasInactivas in [/Applications/MAMP/htdocs/svtour/svt/views/layouts/default.ctp, line 232]
2014-06-17 19:00:46 Notice: Notice (8): Undefined variable: OfertasInactivas in [/Applications/MAMP/htdocs/svtour/svt/views/layouts/default.ctp, line 238]
2014-06-17 19:00:54 Notice: Notice (8): Undefined variable: OfertasInactivas in [/Applications/MAMP/htdocs/svtour/svt/views/layouts/default.ctp, line 232]
2014-06-17 19:00:55 Notice: Notice (8): Undefined variable: OfertasInactivas in [/Applications/MAMP/htdocs/svtour/svt/views/layouts/default.ctp, line 238]
2014-06-17 19:00:55 Notice: Notice (8): Undefined variable: OfertasInactivas in [/Applications/MAMP/htdocs/svtour/svt/views/layouts/default.ctp, line 232]
2014-06-17 19:00:55 Notice: Notice (8): Undefined variable: OfertasInactivas in [/Applications/MAMP/htdocs/svtour/svt/views/layouts/default.ctp, line 238]
2014-06-17 19:00:56 Notice: Notice (8): Undefined variable: OfertasInactivas in [/Applications/MAMP/htdocs/svtour/svt/views/layouts/default.ctp, line 232]
2014-06-17 19:00:56 Notice: Notice (8): Undefined variable: OfertasInactivas in [/Applications/MAMP/htdocs/svtour/svt/views/layouts/default.ctp, line 238]
2014-06-17 19:01:04 Notice: Notice (8): Undefined variable: OfertasInactivas in [/Applications/MAMP/htdocs/svtour/svt/views/layouts/default.ctp, line 232]
2014-06-17 19:01:04 Notice: Notice (8): Undefined variable: OfertasInactivas in [/Applications/MAMP/htdocs/svtour/svt/views/layouts/default.ctp, line 238]
2014-06-17 19:01:04 Notice: Notice (8): Undefined variable: OfertasInactivas in [/Applications/MAMP/htdocs/svtour/svt/views/layouts/default.ctp, line 232]
2014-06-17 19:01:04 Notice: Notice (8): Undefined variable: OfertasInactivas in [/Applications/MAMP/htdocs/svtour/svt/views/layouts/default.ctp, line 238]
2014-06-17 19:01:49 Notice: Notice (8): Undefined variable: OfertasInactivas in [/Applications/MAMP/htdocs/svtour/svt/views/layouts/default.ctp, line 232]
2014-06-17 19:01:49 Notice: Notice (8): Undefined variable: OfertasInactivas in [/Applications/MAMP/htdocs/svtour/svt/views/layouts/default.ctp, line 238]
2014-06-17 19:01:49 Notice: Notice (8): Undefined variable: OfertasInactivas in [/Applications/MAMP/htdocs/svtour/svt/views/layouts/default.ctp, line 232]
2014-06-17 19:01:49 Notice: Notice (8): Undefined variable: OfertasInactivas in [/Applications/MAMP/htdocs/svtour/svt/views/layouts/default.ctp, line 238]
2014-06-17 19:01:51 Notice: Notice (8): Undefined variable: OfertasInactivas in [/Applications/MAMP/htdocs/svtour/svt/views/layouts/default.ctp, line 232]
2014-06-17 19:01:51 Notice: Notice (8): Undefined variable: OfertasInactivas in [/Applications/MAMP/htdocs/svtour/svt/views/layouts/default.ctp, line 238]
2014-06-17 19:01:51 Notice: Notice (8): Undefined variable: OfertasInactivas in [/Applications/MAMP/htdocs/svtour/svt/views/layouts/default.ctp, line 232]
2014-06-17 19:01:51 Notice: Notice (8): Undefined variable: OfertasInactivas in [/Applications/MAMP/htdocs/svtour/svt/views/layouts/default.ctp, line 238]
2014-06-17 19:01:51 Notice: Notice (8): Undefined variable: OfertasInactivas in [/Applications/MAMP/htdocs/svtour/svt/views/layouts/default.ctp, line 232]
2014-06-17 19:01:51 Notice: Notice (8): Undefined variable: OfertasInactivas in [/Applications/MAMP/htdocs/svtour/svt/views/layouts/default.ctp, line 238]
2014-06-17 19:01:52 Notice: Notice (8): Undefined variable: OfertasInactivas in [/Applications/MAMP/htdocs/svtour/svt/views/layouts/default.ctp, line 232]
2014-06-17 19:01:52 Notice: Notice (8): Undefined variable: OfertasInactivas in [/Applications/MAMP/htdocs/svtour/svt/views/layouts/default.ctp, line 238]
2014-06-17 19:02:01 Notice: Notice (8): Undefined variable: OfertasInactivas in [/Applications/MAMP/htdocs/svtour/svt/views/layouts/default.ctp, line 232]
2014-06-17 19:02:01 Notice: Notice (8): Undefined variable: OfertasInactivas in [/Applications/MAMP/htdocs/svtour/svt/views/layouts/default.ctp, line 238]
2014-06-17 19:02:28 Notice: Notice (8): Undefined variable: OfertasInactivas in [/Applications/MAMP/htdocs/svtour/svt/views/layouts/default.ctp, line 232]
2014-06-17 19:02:28 Notice: Notice (8): Undefined variable: OfertasInactivas in [/Applications/MAMP/htdocs/svtour/svt/views/layouts/default.ctp, line 238]
2014-06-17 19:02:30 Notice: Notice (8): Undefined variable: OfertasInactivas in [/Applications/MAMP/htdocs/svtour/svt/views/layouts/default.ctp, line 232]
2014-06-17 19:02:30 Notice: Notice (8): Undefined variable: OfertasInactivas in [/Applications/MAMP/htdocs/svtour/svt/views/layouts/default.ctp, line 238]
2014-06-17 19:02:48 Notice: Notice (8): Undefined variable: OfertasInactivas in [/Applications/MAMP/htdocs/svtour/svt/views/layouts/default.ctp, line 232]
2014-06-17 19:02:48 Notice: Notice (8): Undefined variable: OfertasInactivas in [/Applications/MAMP/htdocs/svtour/svt/views/layouts/default.ctp, line 238]
2014-06-17 19:59:25 Notice: Notice (8): Undefined variable: OfertasInactivas in [/Applications/MAMP/htdocs/svtour/svt/views/layouts/default.ctp, line 232]
2014-06-17 19:59:25 Notice: Notice (8): Undefined variable: OfertasInactivas in [/Applications/MAMP/htdocs/svtour/svt/views/layouts/default.ctp, line 238]
2014-06-17 20:13:49 Notice: Notice (8): Undefined variable: img in [/Applications/MAMP/htdocs/svtour/svt/controllers/photos_controller.php, line 100]
2014-06-17 20:13:49 Notice: Notice (8): Undefined variable: img in [/Applications/MAMP/htdocs/svtour/svt/controllers/photos_controller.php, line 101]
2014-06-17 20:13:49 Notice: Notice (8): Undefined variable: err in [/Applications/MAMP/htdocs/svtour/svt/controllers/photos_controller.php, line 114]
2014-06-17 22:17:36 Notice: Notice (8): Undefined index:  filename in [/Applications/MAMP/htdocs/svtour/svt/controllers/photos_controller.php, line 144]
2014-06-17 22:17:36 Notice: Notice (8): Undefined index:  related_id in [/Applications/MAMP/htdocs/svtour/svt/controllers/photos_controller.php, line 145]
2014-06-17 22:17:36 Notice: Notice (8): Undefined index:  keynum in [/Applications/MAMP/htdocs/svtour/svt/controllers/photos_controller.php, line 145]
2014-06-17 22:18:53 Notice: Notice (8): Undefined index:  class in [/Applications/MAMP/htdocs/svtour/svt/views/elements/flash.ctp, line 3]
2014-06-17 23:17:04 Notice: Notice (8): Undefined index:  id in [/Applications/MAMP/htdocs/svtour/svt/controllers/photos_controller.php, line 157]
2014-06-17 23:17:04 Notice: Notice (8): Undefined variable: OfertasInactivas in [/Applications/MAMP/htdocs/svtour/svt/views/layouts/default.ctp, line 232]
2014-06-17 23:17:04 Notice: Notice (8): Undefined variable: OfertasInactivas in [/Applications/MAMP/htdocs/svtour/svt/views/layouts/default.ctp, line 238]
2014-06-17 23:17:47 Notice: Notice (8): Undefined index:  id in [/Applications/MAMP/htdocs/svtour/svt/controllers/photos_controller.php, line 157]
2014-06-17 23:17:47 Notice: Notice (8): Undefined variable: datosCat in [/Applications/MAMP/htdocs/svtour/svt/controllers/photos_controller.php, line 163]
2014-06-17 23:19:51 Notice: Notice (8): Undefined index:  id in [/Applications/MAMP/htdocs/svtour/svt/controllers/photos_controller.php, line 157]
